# JRE version: Java(TM) SE Runtime Environment (8.0_202-b03) (build 1.8.0_202-ea-b03)
# Java VM: Java HotSpot(TM) 64-Bit Server VM (25.202-b03 mixed mode windows-amd64 compressed oops)
Heap:
 PSYoungGen      total 94720K, used 33227K [0x000000076b980000, 0x0000000772400000, 0x00000007c0000000)
  eden space 81408K, 33% used [0x000000076b980000,0x000000076d407de8,0x0000000770900000)
  from space 13312K, 45% used [0x0000000771700000,0x0000000771ceb1f0,0x0000000772400000)
  to   space 13824K, 0% used [0x0000000770900000,0x0000000770900000,0x0000000771680000)
 ParOldGen       total 197120K, used 16315K [0x00000006c2c00000, 0x00000006cec80000, 0x000000076b980000)
  object space 197120K, 8% used [0x00000006c2c00000,0x00000006c3beefd0,0x00000006cec80000)
 Metaspace       used 41323K, capacity 43154K, committed 43264K, reserved 1087488K
  class space    used 5298K, capacity 5616K, committed 5632K, reserved 1048576K
GC Heap History (10 events):
Event: 3.598 GC heap before
{Heap before GC invocations=4 (full 1):
 PSYoungGen      total 75776K, used 64465K [0x000000076b980000, 0x0000000770e00000, 0x00000007c0000000)
  eden space 65024K, 99% used [0x000000076b980000,0x000000076f8745d8,0x000000076f900000)
  from space 10752K, 0% used [0x0000000770380000,0x0000000770380000,0x0000000770e00000)
  to   space 10752K, 0% used [0x000000076f900000,0x000000076f900000,0x0000000770380000)
 ParOldGen       total 116736K, used 8952K [0x00000006c2c00000, 0x00000006c9e00000, 0x000000076b980000)
  object space 116736K, 7% used [0x00000006c2c00000,0x00000006c34be198,0x00000006c9e00000)
 Metaspace       used 29596K, capacity 30974K, committed 31232K, reserved 1077248K
  class space    used 3961K, capacity 4248K, committed 4352K, reserved 1048576K
Event: 3.604 GC heap after
Heap after GC invocations=4 (full 1):
 PSYoungGen      total 75776K, used 10742K [0x000000076b980000, 0x0000000772300000, 0x00000007c0000000)
  eden space 65024K, 0% used [0x000000076b980000,0x000000076b980000,0x000000076f900000)
  from space 10752K, 99% used [0x000000076f900000,0x000000077037d808,0x0000000770380000)
  to   space 10752K, 0% used [0x0000000771880000,0x0000000771880000,0x0000000772300000)
 ParOldGen       total 116736K, used 9337K [0x00000006c2c00000, 0x00000006c9e00000, 0x000000076b980000)
  object space 116736K, 7% used [0x00000006c2c00000,0x00000006c351e5e0,0x00000006c9e00000)
 Metaspace       used 29596K, capacity 30974K, committed 31232K, reserved 1077248K
  class space    used 3961K, capacity 4248K, committed 4352K, reserved 1048576K
}
Event: 11.447 GC heap before
{Heap before GC invocations=5 (full 1):
 PSYoungGen      total 75776K, used 40403K [0x000000076b980000, 0x0000000772300000, 0x00000007c0000000)
  eden space 65024K, 45% used [0x000000076b980000,0x000000076d677650,0x000000076f900000)
  from space 10752K, 99% used [0x000000076f900000,0x000000077037d808,0x0000000770380000)
  to   space 10752K, 0% used [0x0000000771880000,0x0000000771880000,0x0000000772300000)
 ParOldGen       total 116736K, used 9337K [0x00000006c2c00000, 0x00000006c9e00000, 0x000000076b980000)
  object space 116736K, 7% used [0x00000006c2c00000,0x00000006c351e5e0,0x00000006c9e00000)
 Metaspace       used 33923K, capacity 35414K, committed 35496K, reserved 1079296K
  class space    used 4527K, capacity 4824K, committed 4864K, reserved 1048576K
Event: 11.453 GC heap after
Heap after GC invocations=5 (full 1):
 PSYoungGen      total 94208K, used 10738K [0x000000076b980000, 0x0000000772300000, 0x00000007c0000000)
  eden space 83456K, 0% used [0x000000076b980000,0x000000076b980000,0x0000000770b00000)
  from space 10752K, 99% used [0x0000000771880000,0x00000007722fca20,0x0000000772300000)
  to   space 10752K, 0% used [0x0000000770e00000,0x0000000770e00000,0x0000000771880000)
 ParOldGen       total 116736K, used 11034K [0x00000006c2c00000, 0x00000006c9e00000, 0x000000076b980000)
  object space 116736K, 9% used [0x00000006c2c00000,0x00000006c36c6a48,0x00000006c9e00000)
 Metaspace       used 33923K, capacity 35414K, committed 35496K, reserved 1079296K
  class space    used 4527K, capacity 4824K, committed 4864K, reserved 1048576K
}
Event: 11.453 GC heap before
{Heap before GC invocations=6 (full 2):
 PSYoungGen      total 94208K, used 10738K [0x000000076b980000, 0x0000000772300000, 0x00000007c0000000)
  eden space 83456K, 0% used [0x000000076b980000,0x000000076b980000,0x0000000770b00000)
  from space 10752K, 99% used [0x0000000771880000,0x00000007722fca20,0x0000000772300000)
  to   space 10752K, 0% used [0x0000000770e00000,0x0000000770e00000,0x0000000771880000)
 ParOldGen       total 116736K, used 11034K [0x00000006c2c00000, 0x00000006c9e00000, 0x000000076b980000)
  object space 116736K, 9% used [0x00000006c2c00000,0x00000006c36c6a48,0x00000006c9e00000)
 Metaspace       used 33923K, capacity 35414K, committed 35496K, reserved 1079296K
  class space    used 4527K, capacity 4824K, committed 4864K, reserved 1048576K
Event: 11.509 GC heap after
Heap after GC invocations=6 (full 2):
 PSYoungGen      total 94208K, used 0K [0x000000076b980000, 0x0000000772300000, 0x00000007c0000000)
  eden space 83456K, 0% used [0x000000076b980000,0x000000076b980000,0x0000000770b00000)
  from space 10752K, 0% used [0x0000000771880000,0x0000000771880000,0x0000000772300000)
  to   space 10752K, 0% used [0x0000000770e00000,0x0000000770e00000,0x0000000771880000)
 ParOldGen       total 197120K, used 16299K [0x00000006c2c00000, 0x00000006cec80000, 0x000000076b980000)
  object space 197120K, 8% used [0x00000006c2c00000,0x00000006c3beafd0,0x00000006cec80000)
 Metaspace       used 33923K, capacity 35414K, committed 35496K, reserved 1079296K
  class space    used 4527K, capacity 4824K, committed 4864K, reserved 1048576K
}
Event: 114.941 GC heap before
{Heap before GC invocations=7 (full 2):
 PSYoungGen      total 94208K, used 83456K [0x000000076b980000, 0x0000000772300000, 0x00000007c0000000)
  eden space 83456K, 100% used [0x000000076b980000,0x0000000770b00000,0x0000000770b00000)
  from space 10752K, 0% used [0x0000000771880000,0x0000000771880000,0x0000000772300000)
  to   space 10752K, 0% used [0x0000000770e00000,0x0000000770e00000,0x0000000771880000)
 ParOldGen       total 197120K, used 16299K [0x00000006c2c00000, 0x00000006cec80000, 0x000000076b980000)
  object space 197120K, 8% used [0x00000006c2c00000,0x00000006c3beafd0,0x00000006cec80000)
 Metaspace       used 40486K, capacity 42236K, committed 42496K, reserved 1085440K
  class space    used 5251K, capacity 5577K, committed 5632K, reserved 1048576K
Event: 114.958 GC heap after
Heap after GC invocations=7 (full 2):
 PSYoungGen      total 91136K, used 8403K [0x000000076b980000, 0x0000000772400000, 0x00000007c0000000)
  eden space 82432K, 0% used [0x000000076b980000,0x000000076b980000,0x0000000770a00000)
  from space 8704K, 96% used [0x0000000770e00000,0x0000000771634cb0,0x0000000771680000)
  to   space 13312K, 0% used [0x0000000771700000,0x0000000771700000,0x0000000772400000)
 ParOldGen       total 197120K, used 16307K [0x00000006c2c00000, 0x00000006cec80000, 0x000000076b980000)
  object space 197120K, 8% used [0x00000006c2c00000,0x00000006c3becfd0,0x00000006cec80000)
 Metaspace       used 40486K, capacity 42236K, committed 42496K, reserved 1085440K
  class space    used 5251K, capacity 5577K, committed 5632K, reserved 1048576K
}
Event: 431.998 GC heap before
{Heap before GC invocations=8 (full 2):
 PSYoungGen      total 91136K, used 90835K [0x000000076b980000, 0x0000000772400000, 0x00000007c0000000)
  eden space 82432K, 100% used [0x000000076b980000,0x0000000770a00000,0x0000000770a00000)
  from space 8704K, 96% used [0x0000000770e00000,0x0000000771634cb0,0x0000000771680000)
  to   space 13312K, 0% used [0x0000000771700000,0x0000000771700000,0x0000000772400000)
 ParOldGen       total 197120K, used 16307K [0x00000006c2c00000, 0x00000006cec80000, 0x000000076b980000)
  object space 197120K, 8% used [0x00000006c2c00000,0x00000006c3becfd0,0x00000006cec80000)
 Metaspace       used 41295K, capacity 43090K, committed 43264K, reserved 1087488K
  class space    used 5297K, capacity 5616K, committed 5632K, reserved 1048576K
Event: 432.001 GC heap after
Heap after GC invocations=8 (full 2):
 PSYoungGen      total 94720K, used 6060K [0x000000076b980000, 0x0000000772400000, 0x00000007c0000000)
  eden space 81408K, 0% used [0x000000076b980000,0x000000076b980000,0x0000000770900000)
  from space 13312K, 45% used [0x0000000771700000,0x0000000771ceb1f0,0x0000000772400000)
  to   space 13824K, 0% used [0x0000000770900000,0x0000000770900000,0x0000000771680000)
 ParOldGen       total 197120K, used 16315K [0x00000006c2c00000, 0x00000006cec80000, 0x000000076b980000)
  object space 197120K, 8% used [0x00000006c2c00000,0x00000006c3beefd0,0x00000006cec80000)
 Metaspace       used 41295K, capacity 43090K, committed 43264K, reserved 1087488K
  class space    used 5297K, capacity 5616K, committed 5632K, reserved 1048576K
}

